{
  "RSpec": {
    "coverage": {
      "/home/clement/Bureau/Projet_Vendredi/app/controllers/application_controller.rb": [
        null,
        1,
        1,
        null,
        1,
        null,
        1,
        21,
        21,
        21,
        null,
        null,
        null
      ],
      "/home/clement/Bureau/Projet_Vendredi/app/helpers/application_helper.rb": [
        1,
        null
      ],
      "/home/clement/Bureau/Projet_Vendredi/app/helpers/home_helper.rb": [
        1,
        null
      ],
      "/home/clement/Bureau/Projet_Vendredi/app/helpers/products_helper.rb": [
        1,
        null
      ],
      "/home/clement/Bureau/Projet_Vendredi/app/models/admin_user.rb": [
        1,
        null,
        null,
        1,
        null,
        null
      ],
      "/home/clement/Bureau/Projet_Vendredi/app/models/application_record.rb": [
        1,
        1,
        null
      ],
      "/home/clement/Bureau/Projet_Vendredi/app/admin/dashboard.rb": [
        1,
        null,
        1,
        null,
        1,
        0,
        0,
        0,
        0,
        null,
        null,
        null,
        null,
        null,
        null,
        null,
        null,
        null,
        null,
        null,
        null,
        null,
        null,
        null,
        null,
        null,
        null,
        null,
        null,
        null,
        null,
        null,
        null
      ],
      "/home/clement/Bureau/Projet_Vendredi/app/admin/commandes.rb": [
        1,
        null,
        null,
        null,
        null,
        null,
        null,
        null,
        null,
        null,
        null,
        null,
        null,
        null,
        null
      ],
      "/home/clement/Bureau/Projet_Vendredi/app/models/commande.rb": [
        1,
        null
      ],
      "/home/clement/Bureau/Projet_Vendredi/app/admin/admin_users.rb": [
        1,
        1,
        null,
        1,
        0,
        0,
        0,
        0,
        0,
        0,
        0,
        null,
        null,
        1,
        1,
        1,
        1,
        null,
        1,
        0,
        0,
        0,
        0,
        null,
        0,
        null,
        null,
        null
      ],
      "/home/clement/Bureau/Projet_Vendredi/app/admin/products.rb": [
        1,
        null,
        null,
        null,
        1,
        null,
        null,
        null,
        null,
        null,
        null,
        null,
        null,
        null,
        null
      ],
      "/home/clement/Bureau/Projet_Vendredi/app/models/product.rb": [
        1,
        null
      ],
      "/home/clement/Bureau/Projet_Vendredi/app/admin/baskets.rb": [
        1,
        null,
        null,
        null,
        null,
        null,
        null,
        null,
        null,
        null,
        null,
        null,
        null,
        null,
        null
      ],
      "/home/clement/Bureau/Projet_Vendredi/app/models/basket.rb": [
        1,
        null
      ],
      "/home/clement/Bureau/Projet_Vendredi/app/models/user.rb": [
        1,
        null,
        null,
        1,
        null,
        1,
        1,
        null,
        1,
        0,
        null,
        1,
        5,
        5,
        0,
        5,
        5,
        null,
        null,
        null
      ],
      "/home/clement/Bureau/Projet_Vendredi/app/controllers/home_controller.rb": [
        1,
        null,
        1,
        null,
        null,
        null,
        null
      ],
      "/home/clement/Bureau/Projet_Vendredi/app/mailers/application_mailer.rb": [
        0,
        0,
        0,
        0
      ],
      "/home/clement/Bureau/Projet_Vendredi/app/jobs/application_job.rb": [
        0,
        0
      ],
      "/home/clement/Bureau/Projet_Vendredi/app/channels/application_cable/connection.rb": [
        0,
        0,
        0,
        0
      ],
      "/home/clement/Bureau/Projet_Vendredi/app/channels/application_cable/channel.rb": [
        0,
        0,
        0,
        0
      ]
    },
    "timestamp": 1530884863
  }
}
